<?xml version="1.0" encoding="UTF-8"?>
<testsuite xmlns:xsi="http://www.w3.org/2001/XMLSchema-instance" xsi:noNamespaceSchemaLocation="https://maven.apache.org/surefire/maven-surefire-plugin/xsd/surefire-test-report-3.0.xsd" version="3.0" name="com.udacity.catpoint.SecurityServiceTest" time="0.177" tests="19" errors="0" skipped="0" failures="0">
  <properties>
[...]
</properties>
  <testcase name="setArmingStatus_armedHomeWithCat_setsAlarm" classname="com.udacity.catpoint.SecurityServiceTest" time="0.077"/>
  <testcase name="setArmingStatus_armed_resetsAllSensors(ArmingStatus)[1]" classname="com.udacity.catpoint.SecurityServiceTest" time="0.021"/>
  <testcase name="setArmingStatus_armed_resetsAllSensors(ArmingStatus)[2]" classname="com.udacity.catpoint.SecurityServiceTest" time="0.001"/>
  <testcase name="removeSensor_removesFromRepository" classname="com.udacity.catpoint.SecurityServiceTest" time="0.001"/>
  <testcase name="processImage_noCatWithInactiveSensors_setsNoAlarm" classname="com.udacity.catpoint.SecurityServiceTest" time="0.001"/>
  <testcase name="removeStatusListener_removesListener" classname="com.udacity.catpoint.SecurityServiceTest" time="0.001"/>
  <testcase name="processImage_catDetectedWhileArmedHome_setsAlarm" classname="com.udacity.catpoint.SecurityServiceTest" time="0.001"/>
  <testcase name="notifyCatDetection_notifiesAllListeners" classname="com.udacity.catpoint.SecurityServiceTest" time="0.002"/>
  <testcase name="changeSensorActivationStatus_allInactiveWhilePending_setsNoAlarm" classname="com.udacity.catpoint.SecurityServiceTest" time="0.001"/>
  <testcase name="processImage_nullImage_notifiesNoCat" classname="com.udacity.catpoint.SecurityServiceTest" time="0.001"/>
  <testcase name="changeSensorActivationStatus_secondActiveWhilePending_setsAlarm" classname="com.udacity.catpoint.SecurityServiceTest" time="0.002"/>
  <testcase name="changeSensorActivationStatus_activeWhileArmed_setsPendingAlarm" classname="com.udacity.catpoint.SecurityServiceTest" time="0.001"/>
  <testcase name="addSensor_addsToRepository" classname="com.udacity.catpoint.SecurityServiceTest" time="0.001"/>
  <testcase name="areAnySensorsActive_returnsTrueWhenActive" classname="com.udacity.catpoint.SecurityServiceTest" time="0.001"/>
  <testcase name="setArmingStatus_disarmed_setsNoAlarm" classname="com.udacity.catpoint.SecurityServiceTest" time="0.002"/>
  <testcase name="allSensorsInactive_returnsTrueWhenNoneActive" classname="com.udacity.catpoint.SecurityServiceTest" time="0.001"/>
  <testcase name="notifyArmingStatusChanged_notifiesAllListeners" classname="com.udacity.catpoint.SecurityServiceTest" time="0.002"/>
  <testcase name="getStatusListeners_returnsCopy" classname="com.udacity.catpoint.SecurityServiceTest" time="0"/>
  <testcase name="addStatusListener_addsListener" classname="com.udacity.catpoint.SecurityServiceTest" time="0.001"/>
</testsuite>